<?xml version="1.0" encoding="UTF-8"?>
<!-- Generated by org.testng.reporters.JUnitReportReporter -->
<testsuite hostname="aarkanov.local" name="tests.ID01_slashDotTests" tests="3" failures="0" timestamp="13 Mar 2019 01:29:14 GMT" time="41.938" errors="0">
  <testcase name="a_NumberOfStories" time="17.367" classname="tests.ID01_slashDotTests"/>
  <testcase name="b_NumberOfIcons" time="15.546" classname="tests.ID01_slashDotTests"/>
  <testcase name="c_voteOnRandomPoleAndReturnNumberOfPeopleVoted" time="9.025" classname="tests.ID01_slashDotTests"/>
</testsuite> <!-- tests.ID01_slashDotTests -->
